Using pre-set license
Built from '2022.3/release' branch; Version is '2022.3.20f1 (61c2feb0970d) revision 6406910'; Using compiler version '192829333'; Build Type 'Release'
OS: 'Windows 11  (10.0.22631) 64bit Core' Language: 'ja' Physical Memory: 14173 MB
BatchMode: 1, IsHumanControllingUs: 0, StartBugReporterOnCrash: 0, Is64bit: 1, IsPro: 1

COMMAND LINE ARGUMENTS:
C:\Program Files\Unity\Hub\Editor\2022.3.20f1\Editor\Unity.exe
-adb2
-batchMode
-noUpm
-name
AssetImportWorker0
-projectPath
C:/GameProjectByUnity/SpaceCat
-logFile
Logs/AssetImportWorker0.log
-srvPort
56205
Successfully changed project path to: C:/GameProjectByUnity/SpaceCat
C:/GameProjectByUnity/SpaceCat
[UnityMemory] Configuration Parameters - Can be set up in boot.config
    "memorysetup-bucket-allocator-granularity=16"
    "memorysetup-bucket-allocator-bucket-count=8"
    "memorysetup-bucket-allocator-block-size=33554432"
    "memorysetup-bucket-allocator-block-count=8"
    "memorysetup-main-allocator-block-size=16777216"
    "memorysetup-thread-allocator-block-size=16777216"
    "memorysetup-gfx-main-allocator-block-size=16777216"
    "memorysetup-gfx-thread-allocator-block-size=16777216"
    "memorysetup-cache-allocator-block-size=4194304"
    "memorysetup-typetree-allocator-block-size=2097152"
    "memorysetup-profiler-bucket-allocator-granularity=16"
    "memorysetup-profiler-bucket-allocator-bucket-count=8"
    "memorysetup-profiler-bucket-allocator-block-size=33554432"
    "memorysetup-profiler-bucket-allocator-block-count=8"
    "memorysetup-profiler-allocator-block-size=16777216"
    "memorysetup-profiler-editor-allocator-block-size=1048576"
    "memorysetup-temp-allocator-size-main=16777216"
    "memorysetup-job-temp-allocator-block-size=2097152"
    "memorysetup-job-temp-allocator-block-size-background=1048576"
    "memorysetup-job-temp-allocator-reduction-small-platforms=262144"
    "memorysetup-allocator-temp-initial-block-size-main=262144"
    "memorysetup-allocator-temp-initial-block-size-worker=262144"
    "memorysetup-temp-allocator-size-background-worker=32768"
    "memorysetup-temp-allocator-size-job-worker=262144"
    "memorysetup-temp-allocator-size-preload-manager=33554432"
    "memorysetup-temp-allocator-size-nav-mesh-worker=65536"
    "memorysetup-temp-allocator-size-audio-worker=65536"
    "memorysetup-temp-allocator-size-cloud-worker=32768"
    "memorysetup-temp-allocator-size-gi-baking-worker=262144"
    "memorysetup-temp-allocator-size-gfx=262144"
Player connection [25756] Host "[IP] 10.208.1.249 [Port] 0 [Flags] 2 [Guid] 1057312945 [EditorId] 1057312945 [Version] 1048832 [Id] WindowsEditor(7,Lenovo_oYo) [Debug] 1 [PackageName] WindowsEditor [ProjectName] Editor" joined multi-casting on [225.0.0.222:54997]...

Player connection [25756] Host "[IP] 10.208.1.249 [Port] 0 [Flags] 2 [Guid] 1057312945 [EditorId] 1057312945 [Version] 1048832 [Id] WindowsEditor(7,Lenovo_oYo) [Debug] 1 [PackageName] WindowsEditor [ProjectName] Editor" joined alternative multi-casting on [225.0.0.222:34997]...

[Physics::Module] Initialized MultithreadedJobDispatcher with 15 workers.
Refreshing native plugins compatible for Editor in 20.38 ms, found 4 plugins.
Preloading 0 native plugins for Editor in 0.00 ms.
Initialize engine version: 2022.3.20f1 (61c2feb0970d)
[Subsystems] Discovering subsystems at path C:/Program Files/Unity/Hub/Editor/2022.3.20f1/Editor/Data/Resources/UnitySubsystems
[Subsystems] Discovering subsystems at path C:/GameProjectByUnity/SpaceCat/Assets
GfxDevice: creating device client; threaded=0; jobified=0
Direct3D:
    Version:  Direct3D 11.0 [level 11.1]
    Renderer: AMD Radeon (TM) Graphics (ID=0x15e7)
    Vendor:   ATI
    VRAM:     7086 MB
    Driver:   31.0.21024.14002
Initialize mono
Mono path[0] = 'C:/Program Files/Unity/Hub/Editor/2022.3.20f1/Editor/Data/Managed'
Mono path[1] = 'C:/Program Files/Unity/Hub/Editor/2022.3.20f1/Editor/Data/MonoBleedingEdge/lib/mono/unityjit-win32'
Mono config path = 'C:/Program Files/Unity/Hub/Editor/2022.3.20f1/Editor/Data/MonoBleedingEdge/etc'
Using monoOptions --debugger-agent=transport=dt_socket,embedding=1,server=y,suspend=n,address=127.0.0.1:56376
Begin MonoManager ReloadAssembly
Registering precompiled unity dll's ...
Register platform support module: C:/Program Files/Unity/Hub/Editor/2022.3.20f1/Editor/Data/PlaybackEngines/AndroidPlayer/UnityEditor.Android.Extensions.dll
Register platform support module: C:/Program Files/Unity/Hub/Editor/2022.3.20f1/Editor/Data/PlaybackEngines/WindowsStandaloneSupport/UnityEditor.WindowsStandalone.Extensions.dll
Registered in 0.010844 seconds.
- Loaded All Assemblies, in  0.604 seconds
Native extension for WindowsStandalone target not found
Native extension for Android target not found
Android Extension - Scanning For ADB Devices 412 ms
Mono: successfully reloaded assembly
- Finished resetting the current domain, in  0.978 seconds
Domain Reload Profiling: 1580ms
	BeginReloadAssembly (160ms)
		ExecutionOrderSort (0ms)
		DisableScriptedObjects (0ms)
		BackupInstance (0ms)
		ReleaseScriptingObjects (0ms)
		CreateAndSetChildDomain (1ms)
	RebuildCommonClasses (56ms)
	RebuildNativeTypeToScriptingClass (17ms)
	initialDomainReloadingComplete (97ms)
	LoadAllAssembliesAndSetupDomain (269ms)
		LoadAssemblies (157ms)
		RebuildTransferFunctionScriptingTraits (0ms)
		AnalyzeDomain (266ms)
			TypeCache.Refresh (264ms)
				TypeCache.ScanAssembly (240ms)
			ScanForSourceGeneratedMonoScriptInfo (1ms)
			ResolveRequiredComponents (1ms)
	FinalizeReload (979ms)
		ReleaseScriptCaches (0ms)
		RebuildScriptCaches (0ms)
		SetupLoadedEditorAssemblies (888ms)
			LogAssemblyErrors (0ms)
			InitializePlatformSupportModulesInManaged (590ms)
			SetLoadedEditorAssemblies (6ms)
			RefreshPlugins (0ms)
			BeforeProcessingInitializeOnLoad (4ms)
			ProcessInitializeOnLoadAttributes (194ms)
			ProcessInitializeOnLoadMethodAttributes (94ms)
			AfterProcessingInitializeOnLoad (0ms)
			EditorAssembliesLoaded (0ms)
		ExecutionOrderSort2 (0ms)
		AwakeInstancesAfterBackupRestoration (0ms)
========================================================================
Worker process is ready to serve import requests
Begin MonoManager ReloadAssembly
- Loaded All Assemblies, in  0.969 seconds
Refreshing native plugins compatible for Editor in 7.46 ms, found 4 plugins.
Native extension for WindowsStandalone target not found
Native extension for Android target not found
Package Manager log level set to [2]
[Package Manager] Server::EnsureServerProcessIsRunning -- launch failed, reason: Unity was launched with the -noUpm command-line argument
[Package Manager] UpmClient::Send -- Unable to send message (not connected to UPM process).
[Package Manager] Cannot connect to Unity Package Manager local server
Mono: successfully reloaded assembly
- Finished resetting the current domain, in  0.927 seconds
Domain Reload Profiling: 1891ms
	BeginReloadAssembly (170ms)
		ExecutionOrderSort (0ms)
		DisableScriptedObjects (6ms)
		BackupInstance (0ms)
		ReleaseScriptingObjects (0ms)
		CreateAndSetChildDomain (30ms)
	RebuildCommonClasses (35ms)
	RebuildNativeTypeToScriptingClass (10ms)
	initialDomainReloadingComplete (49ms)
	LoadAllAssembliesAndSetupDomain (700ms)
		LoadAssemblies (497ms)
		RebuildTransferFunctionScriptingTraits (0ms)
		AnalyzeDomain (302ms)
			TypeCache.Refresh (248ms)
				TypeCache.ScanAssembly (222ms)
			ScanForSourceGeneratedMonoScriptInfo (38ms)
			ResolveRequiredComponents (14ms)
	FinalizeReload (928ms)
		ReleaseScriptCaches (0ms)
		RebuildScriptCaches (0ms)
		SetupLoadedEditorAssemblies (726ms)
			LogAssemblyErrors (0ms)
			InitializePlatformSupportModulesInManaged (29ms)
			SetLoadedEditorAssemblies (4ms)
			RefreshPlugins (0ms)
			BeforeProcessingInitializeOnLoad (106ms)
			ProcessInitializeOnLoadAttributes (479ms)
			ProcessInitializeOnLoadMethodAttributes (100ms)
			AfterProcessingInitializeOnLoad (8ms)
			EditorAssembliesLoaded (0ms)
		ExecutionOrderSort2 (0ms)
		AwakeInstancesAfterBackupRestoration (6ms)
Launched and connected shader compiler UnityShaderCompiler.exe after 0.08 seconds
Refreshing native plugins compatible for Editor in 7.68 ms, found 4 plugins.
Preloading 0 native plugins for Editor in 0.00 ms.
Unloading 6115 Unused Serialized files (Serialized files now loaded: 0)
Unloading 106 unused Assets / (423.2 KB). Loaded Objects now: 6578.
Memory consumption went from 240.6 MB to 240.2 MB.
Total: 7.524600 ms (FindLiveObjects: 0.642800 ms CreateObjectMapping: 0.298900 ms MarkObjects: 6.184600 ms  DeleteObjects: 0.396100 ms)

AssetImportParameters requested are different than current active one (requested -> active):
  custom:container-demuxer-ogg: 62fdf1f143b41e24485cea50d1cbac27 -> 
  custom:video-codec-MediaFoundation-h265: 746d11721c4dcdbdad8f713fa42b33f4 -> 
  custom:video-decoder-ogg-theora: a1e56fd34408186e4bbccfd4996cb3dc -> 
  custom:framework-win-MediaFoundation: 216162199b28c13a410421893ffa2e32 -> 
  custom:CustomObjectIndexerAttribute: 62b5816608c3102f162a1797e29626cf -> 
  custom:container-demuxer-webm: 4f35f7cbe854078d1ac9338744f61a02 -> 
  custom:container-muxer-webm: aa71ff27fc2769a1b78a27578f13a17b -> 
  custom:video-decoder-webm-vp8: 9c59270c3fd7afecdb556c50c9e8de78 -> 
  custom:SearchIndexIgnoredProperties: e643bd26f0fe6173181afceb89e7c659 -> 
  custom:AudioImporter_EditorPlatform: d09bf68614088b80899f8185d706f6e7 -> 
  custom:video-encoder-webm-vp8: eb34c28f22e8b96e1ab97ce403110664 -> 
  custom:audio-decoder-ogg-vorbis: bf7c407c2cedff20999df2af8eb42d56 -> 
  custom:audio-encoder-webm-vorbis: bf7c407c2cedff20999df2af8eb42d56 -> 
========================================================================
Received Import Request.
  Time since last request: 17946.182215 seconds.
  path: Assets/Menber/mori/moritest.unity
  artifactKey: Guid(cb886998255da884090cb02172c5c494) Importer(815301076,1909f56bfc062723c751e8b465ee728b)
Start importing Assets/Menber/mori/moritest.unity using Guid(cb886998255da884090cb02172c5c494) Importer(815301076,1909f56bfc062723c751e8b465ee728b)  -> (artifact id: 'd2a7c1da6990c88ee6a655d3f6d2dc53') in 0.002158 seconds
Number of updated asset objects reloaded before import = 0
Number of asset objects unloaded after import = 0
========================================================================
Received Prepare
Begin MonoManager ReloadAssembly
- Loaded All Assemblies, in  0.560 seconds
Refreshing native plugins compatible for Editor in 7.01 ms, found 4 plugins.
Native extension for WindowsStandalone target not found
Native extension for Android target not found
[Package Manager] Server::EnsureServerProcessIsRunning -- launch failed, reason: Unity was launched with the -noUpm command-line argument
[Package Manager] UpmClient::Send -- Unable to send message (not connected to UPM process).
[Package Manager] Cannot connect to Unity Package Manager local server
Mono: successfully reloaded assembly
- Finished resetting the current domain, in  1.778 seconds
Domain Reload Profiling: 2334ms
	BeginReloadAssembly (178ms)
		ExecutionOrderSort (0ms)
		DisableScriptedObjects (10ms)
		BackupInstance (0ms)
		ReleaseScriptingObjects (0ms)
		CreateAndSetChildDomain (47ms)
	RebuildCommonClasses (29ms)
	RebuildNativeTypeToScriptingClass (10ms)
	initialDomainReloadingComplete (32ms)
	LoadAllAssembliesAndSetupDomain (307ms)
		LoadAssemblies (368ms)
		RebuildTransferFunctionScriptingTraits (0ms)
		AnalyzeDomain (26ms)
			TypeCache.Refresh (8ms)
				TypeCache.ScanAssembly (0ms)
			ScanForSourceGeneratedMonoScriptInfo (0ms)
			ResolveRequiredComponents (16ms)
	FinalizeReload (1779ms)
		ReleaseScriptCaches (0ms)
		RebuildScriptCaches (0ms)
		SetupLoadedEditorAssemblies (757ms)
			LogAssemblyErrors (0ms)
			InitializePlatformSupportModulesInManaged (32ms)
			SetLoadedEditorAssemblies (4ms)
			RefreshPlugins (0ms)
			BeforeProcessingInitializeOnLoad (113ms)
			ProcessInitializeOnLoadAttributes (493ms)
			ProcessInitializeOnLoadMethodAttributes (105ms)
			AfterProcessingInitializeOnLoad (8ms)
			EditorAssembliesLoaded (0ms)
		ExecutionOrderSort2 (0ms)
		AwakeInstancesAfterBackupRestoration (15ms)
Refreshing native plugins compatible for Editor in 7.12 ms, found 4 plugins.
Preloading 0 native plugins for Editor in 0.00 ms.
Unloading 5960 Unused Serialized files (Serialized files now loaded: 0)
Unloading 52 unused Assets / (393.4 KB). Loaded Objects now: 6596.
Memory consumption went from 214.9 MB to 214.5 MB.
Total: 8.270000 ms (FindLiveObjects: 0.649500 ms CreateObjectMapping: 0.355400 ms MarkObjects: 6.895100 ms  DeleteObjects: 0.367800 ms)

Prepare: number of updated asset objects reloaded= 0
AssetImportParameters requested are different than current active one (requested -> active):
  custom:container-demuxer-ogg: 62fdf1f143b41e24485cea50d1cbac27 -> 
  custom:video-codec-MediaFoundation-h265: 746d11721c4dcdbdad8f713fa42b33f4 -> 
  custom:video-decoder-ogg-theora: a1e56fd34408186e4bbccfd4996cb3dc -> 
  custom:framework-win-MediaFoundation: 216162199b28c13a410421893ffa2e32 -> 
  custom:CustomObjectIndexerAttribute: 62b5816608c3102f162a1797e29626cf -> 
  custom:container-demuxer-webm: 4f35f7cbe854078d1ac9338744f61a02 -> 
  custom:container-muxer-webm: aa71ff27fc2769a1b78a27578f13a17b -> 
  custom:video-decoder-webm-vp8: 9c59270c3fd7afecdb556c50c9e8de78 -> 
  custom:SearchIndexIgnoredProperties: e643bd26f0fe6173181afceb89e7c659 -> 
  custom:AudioImporter_EditorPlatform: d09bf68614088b80899f8185d706f6e7 -> 
  custom:video-encoder-webm-vp8: eb34c28f22e8b96e1ab97ce403110664 -> 
  custom:audio-decoder-ogg-vorbis: bf7c407c2cedff20999df2af8eb42d56 -> 
  custom:audio-encoder-webm-vorbis: bf7c407c2cedff20999df2af8eb42d56 -> 
========================================================================
Received Import Request.
  Time since last request: 217.096197 seconds.
  path: Assets/UniversalRenderPipelineGlobalSettings.asset
  artifactKey: Guid(93b439a37f63240aca3dd4e01d978a9f) Importer(815301076,1909f56bfc062723c751e8b465ee728b)
Start importing Assets/UniversalRenderPipelineGlobalSettings.asset using Guid(93b439a37f63240aca3dd4e01d978a9f) Importer(815301076,1909f56bfc062723c751e8b465ee728b)  -> (artifact id: '08254b431e78862a1490bbccd82936fe') in 0.017366 seconds
Number of updated asset objects reloaded before import = 0
Number of asset objects unloaded after import = 1
========================================================================
Received Import Request.
  Time since last request: 20.035881 seconds.
  path: Assets/Resources
  artifactKey: Guid(1764048122c3c5c4b9b98c143ae708a3) Importer(815301076,1909f56bfc062723c751e8b465ee728b)
Start importing Assets/Resources using Guid(1764048122c3c5c4b9b98c143ae708a3) Importer(815301076,1909f56bfc062723c751e8b465ee728b)  -> (artifact id: '55f6b7ff117ac476645c5c0fbc1e50e8') in 0.000519 seconds
Number of updated asset objects reloaded before import = 0
Number of asset objects unloaded after import = 0
========================================================================
Received Import Request.
  Time since last request: 0.053546 seconds.
  path: Assets/Resources/button UI.png
  artifactKey: Guid(00921c3ecdfbe7b40bbbd68370db4d1d) Importer(815301076,1909f56bfc062723c751e8b465ee728b)
Start importing Assets/Resources/button UI.png using Guid(00921c3ecdfbe7b40bbbd68370db4d1d) Importer(815301076,1909f56bfc062723c751e8b465ee728b)  -> (artifact id: 'c27b9a0354976dc2c3e0e269596368ce') in 0.054593 seconds
Number of updated asset objects reloaded before import = 0
Number of asset objects unloaded after import = 2
========================================================================
Received Import Request.
  Time since last request: 0.000023 seconds.
  path: Assets/Resources/haikei.png
  artifactKey: Guid(64aab8acc2257254eb563b92fb62e4d6) Importer(815301076,1909f56bfc062723c751e8b465ee728b)
Start importing Assets/Resources/haikei.png using Guid(64aab8acc2257254eb563b92fb62e4d6) Importer(815301076,1909f56bfc062723c751e8b465ee728b)  -> (artifact id: '051e41a50067299be19a4f3cd8788c8e') in 0.040904 seconds
Number of updated asset objects reloaded before import = 0
Number of asset objects unloaded after import = 3
========================================================================
Received Import Request.
  Time since last request: 1.692083 seconds.
  path: Assets/Resources/Clouds
  artifactKey: Guid(a4367a753493cd848822ec61d9f56437) Importer(815301076,1909f56bfc062723c751e8b465ee728b)
Start importing Assets/Resources/Clouds using Guid(a4367a753493cd848822ec61d9f56437) Importer(815301076,1909f56bfc062723c751e8b465ee728b)  -> (artifact id: '344d0091ad1c92b4d622da845420a19b') in 0.000821 seconds
Number of updated asset objects reloaded before import = 0
Number of asset objects unloaded after import = 0
========================================================================
Received Import Request.
  Time since last request: 1.439626 seconds.
  path: Assets/Resources/Clouds/Clouds 1
  artifactKey: Guid(406185190d8c2cd4cbd57318e4103be0) Importer(815301076,1909f56bfc062723c751e8b465ee728b)
Start importing Assets/Resources/Clouds/Clouds 1 using Guid(406185190d8c2cd4cbd57318e4103be0) Importer(815301076,1909f56bfc062723c751e8b465ee728b)  -> (artifact id: '4e985db937c6dd4f98c802d00b04ae2e') in 0.000649 seconds
Number of updated asset objects reloaded before import = 0
Number of asset objects unloaded after import = 0
========================================================================
Received Import Request.
  Time since last request: 0.089190 seconds.
  path: Assets/Resources/Clouds/Clouds 1/1.png
  artifactKey: Guid(b5a7b73e73ec5f549ab5d72fc9d1e02f) Importer(815301076,1909f56bfc062723c751e8b465ee728b)
Start importing Assets/Resources/Clouds/Clouds 1/1.png using Guid(b5a7b73e73ec5f549ab5d72fc9d1e02f) Importer(815301076,1909f56bfc062723c751e8b465ee728b)  -> (artifact id: '75b70f56f786a196a5e628bcd120da2d') in 0.036228 seconds
Number of updated asset objects reloaded before import = 0
Number of asset objects unloaded after import = 3
========================================================================
Received Import Request.
  Time since last request: 0.000024 seconds.
  path: Assets/Resources/Clouds/Clouds 1/4.png
  artifactKey: Guid(2b0e52beb128678408b419b27e3fda85) Importer(815301076,1909f56bfc062723c751e8b465ee728b)
Start importing Assets/Resources/Clouds/Clouds 1/4.png using Guid(2b0e52beb128678408b419b27e3fda85) Importer(815301076,1909f56bfc062723c751e8b465ee728b)  -> (artifact id: '6122ab2a86c835ef213bb2247d285ac5') in 0.023766 seconds
Number of updated asset objects reloaded before import = 0
Number of asset objects unloaded after import = 3
========================================================================
Received Import Request.
  Time since last request: 58.012295 seconds.
  path: Assets/Resources/Clouds/Clouds 2
  artifactKey: Guid(e8f1d923100df3348b82f3b52309492e) Importer(815301076,1909f56bfc062723c751e8b465ee728b)
Start importing Assets/Resources/Clouds/Clouds 2 using Guid(e8f1d923100df3348b82f3b52309492e) Importer(815301076,1909f56bfc062723c751e8b465ee728b)  -> (artifact id: 'a9250a91c3d0bfea5efaf1e7f614898a') in 0.001004 seconds
Number of updated asset objects reloaded before import = 0
Number of asset objects unloaded after import = 0
========================================================================
Received Import Request.
  Time since last request: 0.087289 seconds.
  path: Assets/Resources/Clouds/Clouds 2/1.png
  artifactKey: Guid(12c89f3dc486bfb43b00480c66ccf757) Importer(815301076,1909f56bfc062723c751e8b465ee728b)
Start importing Assets/Resources/Clouds/Clouds 2/1.png using Guid(12c89f3dc486bfb43b00480c66ccf757) Importer(815301076,1909f56bfc062723c751e8b465ee728b)  -> (artifact id: '0a406055f72adfa827829b70d8706d68') in 0.025453 seconds
Number of updated asset objects reloaded before import = 0
Number of asset objects unloaded after import = 3
========================================================================
Received Import Request.
  Time since last request: 0.000026 seconds.
  path: Assets/Resources/Clouds/Clouds 2/3.png
  artifactKey: Guid(7c8b7d99c8a132e49870db981a0076d9) Importer(815301076,1909f56bfc062723c751e8b465ee728b)
Start importing Assets/Resources/Clouds/Clouds 2/3.png using Guid(7c8b7d99c8a132e49870db981a0076d9) Importer(815301076,1909f56bfc062723c751e8b465ee728b)  -> (artifact id: '8936945a588bf41b639c00f0411324da') in 0.024866 seconds
Number of updated asset objects reloaded before import = 0
Number of asset objects unloaded after import = 3
========================================================================
Received Import Request.
  Time since last request: 51.724860 seconds.
  path: Assets/Resources/Clouds/Clouds 3
  artifactKey: Guid(550496cbd5354894eb05cf5339324f0f) Importer(815301076,1909f56bfc062723c751e8b465ee728b)
Start importing Assets/Resources/Clouds/Clouds 3 using Guid(550496cbd5354894eb05cf5339324f0f) Importer(815301076,1909f56bfc062723c751e8b465ee728b)  -> (artifact id: '6aac7b9114f4aa2165f566b2d6a463e4') in 0.000706 seconds
Number of updated asset objects reloaded before import = 0
Number of asset objects unloaded after import = 0
========================================================================
Received Import Request.
  Time since last request: 0.039159 seconds.
  path: Assets/Resources/Clouds/Clouds 3/1.png
  artifactKey: Guid(81058520a1a35cb46802199f0c915e54) Importer(815301076,1909f56bfc062723c751e8b465ee728b)
Start importing Assets/Resources/Clouds/Clouds 3/1.png using Guid(81058520a1a35cb46802199f0c915e54) Importer(815301076,1909f56bfc062723c751e8b465ee728b)  -> (artifact id: 'd33d221a5337dee2ea6152943de7cb60') in 0.026491 seconds
Number of updated asset objects reloaded before import = 0
Number of asset objects unloaded after import = 3
========================================================================
Received Import Request.
  Time since last request: 0.000021 seconds.
  path: Assets/Resources/Clouds/Clouds 3/3.png
  artifactKey: Guid(14a2db2e701708d4d8d1d447558ef64a) Importer(815301076,1909f56bfc062723c751e8b465ee728b)
Start importing Assets/Resources/Clouds/Clouds 3/3.png using Guid(14a2db2e701708d4d8d1d447558ef64a) Importer(815301076,1909f56bfc062723c751e8b465ee728b)  -> (artifact id: '12e8fca9f6812d9f092ed904a3198439') in 0.023499 seconds
Number of updated asset objects reloaded before import = 0
Number of asset objects unloaded after import = 3
========================================================================
Received Import Request.
  Time since last request: 22.384473 seconds.
  path: Assets/Resources/Clouds/Clouds 4
  artifactKey: Guid(1e1140efc01f7b54db970d9ab60d27b6) Importer(815301076,1909f56bfc062723c751e8b465ee728b)
Start importing Assets/Resources/Clouds/Clouds 4 using Guid(1e1140efc01f7b54db970d9ab60d27b6) Importer(815301076,1909f56bfc062723c751e8b465ee728b)  -> (artifact id: '3195a656f3e051d95cca9f612cbf59e2') in 0.000750 seconds
Number of updated asset objects reloaded before import = 0
Number of asset objects unloaded after import = 0
========================================================================
Received Import Request.
  Time since last request: 0.046985 seconds.
  path: Assets/Resources/Clouds/Clouds 4/1.png
  artifactKey: Guid(a383f742a25969e44b6f78ff241bf96d) Importer(815301076,1909f56bfc062723c751e8b465ee728b)
Start importing Assets/Resources/Clouds/Clouds 4/1.png using Guid(a383f742a25969e44b6f78ff241bf96d) Importer(815301076,1909f56bfc062723c751e8b465ee728b)  -> (artifact id: '8db130e78617de10d6f1714758b981d8') in 0.027543 seconds
Number of updated asset objects reloaded before import = 0
Number of asset objects unloaded after import = 3
========================================================================
Received Import Request.
  Time since last request: 0.000021 seconds.
  path: Assets/Resources/Clouds/Clouds 4/4.png
  artifactKey: Guid(94d6dbf554ee0304992d122ffa15c12d) Importer(815301076,1909f56bfc062723c751e8b465ee728b)
Start importing Assets/Resources/Clouds/Clouds 4/4.png using Guid(94d6dbf554ee0304992d122ffa15c12d) Importer(815301076,1909f56bfc062723c751e8b465ee728b)  -> (artifact id: '7c466c9616cd5c0a023490a455c029d7') in 0.023991 seconds
Number of updated asset objects reloaded before import = 0
Number of asset objects unloaded after import = 3
========================================================================
Received Import Request.
  Time since last request: 186.264922 seconds.
  path: Assets/Resources/Clouds/Clouds 5
  artifactKey: Guid(22057abed9ab8534ab9d395597807e65) Importer(815301076,1909f56bfc062723c751e8b465ee728b)
Start importing Assets/Resources/Clouds/Clouds 5 using Guid(22057abed9ab8534ab9d395597807e65) Importer(815301076,1909f56bfc062723c751e8b465ee728b)  -> (artifact id: '15231cf569a6e5ab830ae803f1abecda') in 0.000757 seconds
Number of updated asset objects reloaded before import = 0
Number of asset objects unloaded after import = 0
========================================================================
Received Import Request.
  Time since last request: 0.047426 seconds.
  path: Assets/Resources/Clouds/Clouds 5/1.png
  artifactKey: Guid(d39ec159d9c7e4d41a6fdc24994b64da) Importer(815301076,1909f56bfc062723c751e8b465ee728b)
Start importing Assets/Resources/Clouds/Clouds 5/1.png using Guid(d39ec159d9c7e4d41a6fdc24994b64da) Importer(815301076,1909f56bfc062723c751e8b465ee728b)  -> (artifact id: 'e556c13cc0894fd588f290cf17dc5d44') in 0.048942 seconds
Number of updated asset objects reloaded before import = 0
Number of asset objects unloaded after import = 3
========================================================================
Received Import Request.
  Time since last request: 0.000033 seconds.
  path: Assets/Resources/Clouds/Clouds 5/3.png
  artifactKey: Guid(688abd2ce34f0e3438a55442192022c8) Importer(815301076,1909f56bfc062723c751e8b465ee728b)
Start importing Assets/Resources/Clouds/Clouds 5/3.png using Guid(688abd2ce34f0e3438a55442192022c8) Importer(815301076,1909f56bfc062723c751e8b465ee728b)  -> (artifact id: 'c6d9a68ad6924a4f8410711addaa9ad9') in 0.029645 seconds
Number of updated asset objects reloaded before import = 0
Number of asset objects unloaded after import = 3
========================================================================
Received Import Request.
  Time since last request: 31.186299 seconds.
  path: Assets/Resources/Clouds/Clouds 6/2.png
  artifactKey: Guid(f5a4d62b91732414498dd001005bfb02) Importer(815301076,1909f56bfc062723c751e8b465ee728b)
Start importing Assets/Resources/Clouds/Clouds 6/2.png using Guid(f5a4d62b91732414498dd001005bfb02) Importer(815301076,1909f56bfc062723c751e8b465ee728b)  -> (artifact id: 'bd04ed684ec19c69d45bbe661b40e452') in 0.028672 seconds
Number of updated asset objects reloaded before import = 0
Number of asset objects unloaded after import = 3
========================================================================
Received Import Request.
  Time since last request: 0.000023 seconds.
  path: Assets/Resources/Clouds/Clouds 6/4.png
  artifactKey: Guid(96ab89b1e4275b648bf363fac5aab977) Importer(815301076,1909f56bfc062723c751e8b465ee728b)
Start importing Assets/Resources/Clouds/Clouds 6/4.png using Guid(96ab89b1e4275b648bf363fac5aab977) Importer(815301076,1909f56bfc062723c751e8b465ee728b)  -> (artifact id: 'ed616fbf115f01348a5de2a37ec82b6a') in 0.024921 seconds
Number of updated asset objects reloaded before import = 0
Number of asset objects unloaded after import = 3
========================================================================
Received Import Request.
  Time since last request: 4.363236 seconds.
  path: Assets/Resources/Clouds/Clouds 7/2.png
  artifactKey: Guid(5db61aa72ae96d64893d259887250726) Importer(815301076,1909f56bfc062723c751e8b465ee728b)
Start importing Assets/Resources/Clouds/Clouds 7/2.png using Guid(5db61aa72ae96d64893d259887250726) Importer(815301076,1909f56bfc062723c751e8b465ee728b)  -> (artifact id: '83f96c8d4feeb880531e259aa4e97a37') in 0.030526 seconds
Number of updated asset objects reloaded before import = 0
Number of asset objects unloaded after import = 3
========================================================================
Received Import Request.
  Time since last request: 64.419182 seconds.
  path: Assets/Resources/Clouds/Clouds 8
  artifactKey: Guid(913f580507965364a892bb653437fdfd) Importer(815301076,1909f56bfc062723c751e8b465ee728b)
Start importing Assets/Resources/Clouds/Clouds 8 using Guid(913f580507965364a892bb653437fdfd) Importer(815301076,1909f56bfc062723c751e8b465ee728b)  -> (artifact id: '8f439dfe56d8925b152f2ebf7fd53ec1') in 0.000751 seconds
Number of updated asset objects reloaded before import = 0
Number of asset objects unloaded after import = 0
========================================================================
Received Import Request.
  Time since last request: 0.038955 seconds.
  path: Assets/Resources/Clouds/Clouds 8/1.png
  artifactKey: Guid(35788393468090549add1e74ed976957) Importer(815301076,1909f56bfc062723c751e8b465ee728b)
Start importing Assets/Resources/Clouds/Clouds 8/1.png using Guid(35788393468090549add1e74ed976957) Importer(815301076,1909f56bfc062723c751e8b465ee728b)  -> (artifact id: '1025ee8428db65a556bd3f94c685e930') in 0.029489 seconds
Number of updated asset objects reloaded before import = 0
Number of asset objects unloaded after import = 3
========================================================================
Received Import Request.
  Time since last request: 0.000033 seconds.
  path: Assets/Resources/Clouds/Clouds 8/6.png
  artifactKey: Guid(2afe2d4bbd2694b46a68830762ed7192) Importer(815301076,1909f56bfc062723c751e8b465ee728b)
Start importing Assets/Resources/Clouds/Clouds 8/6.png using Guid(2afe2d4bbd2694b46a68830762ed7192) Importer(815301076,1909f56bfc062723c751e8b465ee728b)  -> (artifact id: 'f7ea98cfe62bae58d87fe651cd651c91') in 0.026685 seconds
Number of updated asset objects reloaded before import = 0
Number of asset objects unloaded after import = 3
========================================================================
Received Import Request.
  Time since last request: 0.000044 seconds.
  path: Assets/Resources/Clouds/Clouds 8/4.png
  artifactKey: Guid(6d7f5e421e0a9634a8a5896f898abf4e) Importer(815301076,1909f56bfc062723c751e8b465ee728b)
Start importing Assets/Resources/Clouds/Clouds 8/4.png using Guid(6d7f5e421e0a9634a8a5896f898abf4e) Importer(815301076,1909f56bfc062723c751e8b465ee728b)  -> (artifact id: '7992e602a2c523085a1d00a1d1b1f0c5') in 0.027439 seconds
Number of updated asset objects reloaded before import = 0
Number of asset objects unloaded after import = 3
Editor requested this worker to shutdown with reason: Scaling down because of idle timeout
TcpMessagingSession - receive error: operation aborted. errorcode: 995, details: スレッドの終了またはアプリケーションの要求によって、I/O 処理は中止されました。
AssetImportWorker is now disconnected from the server
Process exiting
Exiting without the bug reporter. Application will terminate with return code 0