Using pre-set license
Built from '2022.3/release' branch; Version is '2022.3.20f1 (61c2feb0970d) revision 6406910'; Using compiler version '192829333'; Build Type 'Release'
OS: 'Windows 11  (10.0.22631) 64bit Core' Language: 'ja' Physical Memory: 15596 MB
BatchMode: 1, IsHumanControllingUs: 0, StartBugReporterOnCrash: 0, Is64bit: 1, IsPro: 1

COMMAND LINE ARGUMENTS:
C:\Program Files\Unity\Hub\Editor\2022.3.20f1\Editor\Unity.exe
-adb2
-batchMode
-noUpm
-name
AssetImportWorker1
-projectPath
C:/TECH.C/2024-2025_3thGrade/2024_doyoubi_5-6_GameSeisaku/5_SpaceCat/SpaceCat
-logFile
Logs/AssetImportWorker1.log
-srvPort
50149
Successfully changed project path to: C:/TECH.C/2024-2025_3thGrade/2024_doyoubi_5-6_GameSeisaku/5_SpaceCat/SpaceCat
C:/TECH.C/2024-2025_3thGrade/2024_doyoubi_5-6_GameSeisaku/5_SpaceCat/SpaceCat
[UnityMemory] Configuration Parameters - Can be set up in boot.config
    "memorysetup-bucket-allocator-granularity=16"
    "memorysetup-bucket-allocator-bucket-count=8"
    "memorysetup-bucket-allocator-block-size=33554432"
    "memorysetup-bucket-allocator-block-count=8"
    "memorysetup-main-allocator-block-size=16777216"
    "memorysetup-thread-allocator-block-size=16777216"
    "memorysetup-gfx-main-allocator-block-size=16777216"
    "memorysetup-gfx-thread-allocator-block-size=16777216"
    "memorysetup-cache-allocator-block-size=4194304"
    "memorysetup-typetree-allocator-block-size=2097152"
    "memorysetup-profiler-bucket-allocator-granularity=16"
    "memorysetup-profiler-bucket-allocator-bucket-count=8"
    "memorysetup-profiler-bucket-allocator-block-size=33554432"
    "memorysetup-profiler-bucket-allocator-block-count=8"
    "memorysetup-profiler-allocator-block-size=16777216"
    "memorysetup-profiler-editor-allocator-block-size=1048576"
    "memorysetup-temp-allocator-size-main=16777216"
    "memorysetup-job-temp-allocator-block-size=2097152"
    "memorysetup-job-temp-allocator-block-size-background=1048576"
    "memorysetup-job-temp-allocator-reduction-small-platforms=262144"
    "memorysetup-allocator-temp-initial-block-size-main=262144"
    "memorysetup-allocator-temp-initial-block-size-worker=262144"
    "memorysetup-temp-allocator-size-background-worker=32768"
    "memorysetup-temp-allocator-size-job-worker=262144"
    "memorysetup-temp-allocator-size-preload-manager=33554432"
    "memorysetup-temp-allocator-size-nav-mesh-worker=65536"
    "memorysetup-temp-allocator-size-audio-worker=65536"
    "memorysetup-temp-allocator-size-cloud-worker=32768"
    "memorysetup-temp-allocator-size-gi-baking-worker=262144"
    "memorysetup-temp-allocator-size-gfx=262144"
Player connection [33616] Host "[IP] 192.168.1.5 [Port] 0 [Flags] 2 [Guid] 3141904517 [EditorId] 3141904517 [Version] 1048832 [Id] WindowsEditor(7,LAPTOP-58Q0P8KQ) [Debug] 1 [PackageName] WindowsEditor [ProjectName] Editor" joined multi-casting on [225.0.0.222:54997]...

Player connection [33616] Host "[IP] 192.168.1.5 [Port] 0 [Flags] 2 [Guid] 3141904517 [EditorId] 3141904517 [Version] 1048832 [Id] WindowsEditor(7,LAPTOP-58Q0P8KQ) [Debug] 1 [PackageName] WindowsEditor [ProjectName] Editor" joined alternative multi-casting on [225.0.0.222:34997]...

[Physics::Module] Initialized MultithreadedJobDispatcher with 15 workers.
Refreshing native plugins compatible for Editor in 36.43 ms, found 4 plugins.
Preloading 0 native plugins for Editor in 0.00 ms.
Initialize engine version: 2022.3.20f1 (61c2feb0970d)
[Subsystems] Discovering subsystems at path C:/Program Files/Unity/Hub/Editor/2022.3.20f1/Editor/Data/Resources/UnitySubsystems
[Subsystems] Discovering subsystems at path C:/TECH.C/2024-2025_3thGrade/2024_doyoubi_5-6_GameSeisaku/5_SpaceCat/SpaceCat/Assets
GfxDevice: creating device client; threaded=0; jobified=0
Direct3D:
    Version:  Direct3D 11.0 [level 11.1]
    Renderer: AMD Radeon RX 6700S (ID=0x73ef)
    Vendor:   ATI
    VRAM:     8146 MB
    Driver:   31.0.12024.2005
Initialize mono
Mono path[0] = 'C:/Program Files/Unity/Hub/Editor/2022.3.20f1/Editor/Data/Managed'
Mono path[1] = 'C:/Program Files/Unity/Hub/Editor/2022.3.20f1/Editor/Data/MonoBleedingEdge/lib/mono/unityjit-win32'
Mono config path = 'C:/Program Files/Unity/Hub/Editor/2022.3.20f1/Editor/Data/MonoBleedingEdge/etc'
Using monoOptions --debugger-agent=transport=dt_socket,embedding=1,server=y,suspend=n,address=127.0.0.1:56020
Begin MonoManager ReloadAssembly
Registering precompiled unity dll's ...
Register platform support module: C:/Program Files/Unity/Hub/Editor/2022.3.20f1/Editor/Data/PlaybackEngines/WebGLSupport/UnityEditor.WebGL.Extensions.dll
Register platform support module: C:/Program Files/Unity/Hub/Editor/2022.3.20f1/Editor/Data/PlaybackEngines/WindowsStandaloneSupport/UnityEditor.WindowsStandalone.Extensions.dll
Register platform support module: C:/Program Files/Unity/Hub/Editor/2022.3.20f1/Editor/Data/PlaybackEngines/MetroSupport/UnityEditor.UWP.Extensions.dll
Registered in 0.015810 seconds.
- Loaded All Assemblies, in  0.621 seconds
Native extension for UWP target not found
Native extension for WindowsStandalone target not found
Native extension for WebGL target not found
Mono: successfully reloaded assembly
- Finished resetting the current domain, in  0.534 seconds
Domain Reload Profiling: 1154ms
	BeginReloadAssembly (171ms)
		ExecutionOrderSort (0ms)
		DisableScriptedObjects (0ms)
		BackupInstance (0ms)
		ReleaseScriptingObjects (0ms)
		CreateAndSetChildDomain (1ms)
	RebuildCommonClasses (64ms)
	RebuildNativeTypeToScriptingClass (16ms)
	initialDomainReloadingComplete (104ms)
	LoadAllAssembliesAndSetupDomain (263ms)
		LoadAssemblies (169ms)
		RebuildTransferFunctionScriptingTraits (0ms)
		AnalyzeDomain (260ms)
			TypeCache.Refresh (258ms)
				TypeCache.ScanAssembly (237ms)
			ScanForSourceGeneratedMonoScriptInfo (1ms)
			ResolveRequiredComponents (1ms)
	FinalizeReload (535ms)
		ReleaseScriptCaches (0ms)
		RebuildScriptCaches (0ms)
		SetupLoadedEditorAssemblies (427ms)
			LogAssemblyErrors (0ms)
			InitializePlatformSupportModulesInManaged (17ms)
			SetLoadedEditorAssemblies (9ms)
			RefreshPlugins (0ms)
			BeforeProcessingInitializeOnLoad (4ms)
			ProcessInitializeOnLoadAttributes (304ms)
			ProcessInitializeOnLoadMethodAttributes (93ms)
			AfterProcessingInitializeOnLoad (0ms)
			EditorAssembliesLoaded (0ms)
		ExecutionOrderSort2 (0ms)
		AwakeInstancesAfterBackupRestoration (0ms)
========================================================================
Worker process is ready to serve import requests
Begin MonoManager ReloadAssembly
- Loaded All Assemblies, in  1.350 seconds
Refreshing native plugins compatible for Editor in 6.94 ms, found 4 plugins.
Native extension for UWP target not found
Native extension for WindowsStandalone target not found
Native extension for WebGL target not found
Package Manager log level set to [2]
[Package Manager] Server::EnsureServerProcessIsRunning -- launch failed, reason: Unity was launched with the -noUpm command-line argument
[Package Manager] UpmClient::Send -- Unable to send message (not connected to UPM process).
[Package Manager] Cannot connect to Unity Package Manager local server
Mono: successfully reloaded assembly
- Finished resetting the current domain, in  1.624 seconds
Domain Reload Profiling: 2970ms
	BeginReloadAssembly (237ms)
		ExecutionOrderSort (0ms)
		DisableScriptedObjects (9ms)
		BackupInstance (0ms)
		ReleaseScriptingObjects (0ms)
		CreateAndSetChildDomain (37ms)
	RebuildCommonClasses (51ms)
	RebuildNativeTypeToScriptingClass (16ms)
	initialDomainReloadingComplete (71ms)
	LoadAllAssembliesAndSetupDomain (970ms)
		LoadAssemblies (717ms)
		RebuildTransferFunctionScriptingTraits (0ms)
		AnalyzeDomain (392ms)
			TypeCache.Refresh (315ms)
				TypeCache.ScanAssembly (292ms)
			ScanForSourceGeneratedMonoScriptInfo (51ms)
			ResolveRequiredComponents (24ms)
	FinalizeReload (1625ms)
		ReleaseScriptCaches (0ms)
		RebuildScriptCaches (0ms)
		SetupLoadedEditorAssemblies (1340ms)
			LogAssemblyErrors (0ms)
			InitializePlatformSupportModulesInManaged (12ms)
			SetLoadedEditorAssemblies (8ms)
			RefreshPlugins (0ms)
			BeforeProcessingInitializeOnLoad (237ms)
			ProcessInitializeOnLoadAttributes (918ms)
			ProcessInitializeOnLoadMethodAttributes (156ms)
			AfterProcessingInitializeOnLoad (8ms)
			EditorAssembliesLoaded (0ms)
		ExecutionOrderSort2 (0ms)
		AwakeInstancesAfterBackupRestoration (9ms)
Launched and connected shader compiler UnityShaderCompiler.exe after 0.08 seconds
Refreshing native plugins compatible for Editor in 6.91 ms, found 4 plugins.
Preloading 0 native plugins for Editor in 0.00 ms.
Unloading 6114 Unused Serialized files (Serialized files now loaded: 0)
Unloading 106 unused Assets / (422.8 KB). Loaded Objects now: 6574.
Memory consumption went from 231.0 MB to 230.6 MB.
Total: 7.040000 ms (FindLiveObjects: 0.882700 ms CreateObjectMapping: 0.353800 ms MarkObjects: 5.336800 ms  DeleteObjects: 0.464700 ms)

AssetImportParameters requested are different than current active one (requested -> active):
  custom:container-demuxer-ogg: 62fdf1f143b41e24485cea50d1cbac27 -> 
  custom:video-codec-MediaFoundation-h265: 746d11721c4dcdbdad8f713fa42b33f4 -> 
  custom:video-decoder-ogg-theora: a1e56fd34408186e4bbccfd4996cb3dc -> 
  custom:framework-win-MediaFoundation: 216162199b28c13a410421893ffa2e32 -> 
  custom:CustomObjectIndexerAttribute: 62b5816608c3102f162a1797e29626cf -> 
  custom:container-demuxer-webm: 4f35f7cbe854078d1ac9338744f61a02 -> 
  custom:container-muxer-webm: aa71ff27fc2769a1b78a27578f13a17b -> 
  custom:video-decoder-webm-vp8: 9c59270c3fd7afecdb556c50c9e8de78 -> 
  custom:SearchIndexIgnoredProperties: e643bd26f0fe6173181afceb89e7c659 -> 
  custom:AudioImporter_EditorPlatform: d09bf68614088b80899f8185d706f6e7 -> 
  custom:video-encoder-webm-vp8: eb34c28f22e8b96e1ab97ce403110664 -> 
  custom:audio-decoder-ogg-vorbis: bf7c407c2cedff20999df2af8eb42d56 -> 
  custom:audio-encoder-webm-vorbis: bf7c407c2cedff20999df2af8eb42d56 -> 
========================================================================
Received Prepare
Begin MonoManager ReloadAssembly
- Loaded All Assemblies, in  1.056 seconds
Refreshing native plugins compatible for Editor in 9.62 ms, found 4 plugins.
Native extension for UWP target not found
Native extension for WindowsStandalone target not found
Native extension for WebGL target not found
[Package Manager] Server::EnsureServerProcessIsRunning -- launch failed, reason: Unity was launched with the -noUpm command-line argument
[Package Manager] UpmClient::Send -- Unable to send message (not connected to UPM process).
[Package Manager] Cannot connect to Unity Package Manager local server
Mono: successfully reloaded assembly
- Finished resetting the current domain, in  2.567 seconds
Domain Reload Profiling: 3615ms
	BeginReloadAssembly (295ms)
		ExecutionOrderSort (0ms)
		DisableScriptedObjects (19ms)
		BackupInstance (0ms)
		ReleaseScriptingObjects (0ms)
		CreateAndSetChildDomain (72ms)
	RebuildCommonClasses (67ms)
	RebuildNativeTypeToScriptingClass (19ms)
	initialDomainReloadingComplete (62ms)
	LoadAllAssembliesAndSetupDomain (603ms)
		LoadAssemblies (689ms)
		RebuildTransferFunctionScriptingTraits (0ms)
		AnalyzeDomain (71ms)
			TypeCache.Refresh (15ms)
				TypeCache.ScanAssembly (2ms)
			ScanForSourceGeneratedMonoScriptInfo (33ms)
			ResolveRequiredComponents (21ms)
	FinalizeReload (2568ms)
		ReleaseScriptCaches (0ms)
		RebuildScriptCaches (0ms)
		SetupLoadedEditorAssemblies (1211ms)
			LogAssemblyErrors (0ms)
			InitializePlatformSupportModulesInManaged (14ms)
			SetLoadedEditorAssemblies (20ms)
			RefreshPlugins (0ms)
			BeforeProcessingInitializeOnLoad (248ms)
			ProcessInitializeOnLoadAttributes (781ms)
			ProcessInitializeOnLoadMethodAttributes (138ms)
			AfterProcessingInitializeOnLoad (8ms)
			EditorAssembliesLoaded (0ms)
		ExecutionOrderSort2 (0ms)
		AwakeInstancesAfterBackupRestoration (24ms)
Refreshing native plugins compatible for Editor in 9.17 ms, found 4 plugins.
Preloading 0 native plugins for Editor in 0.00 ms.
Unloading 6007 Unused Serialized files (Serialized files now loaded: 0)
Unloading 65 unused Assets / (1.1 MB). Loaded Objects now: 6626.
Memory consumption went from 210.8 MB to 209.8 MB.
Total: 7.364600 ms (FindLiveObjects: 0.541800 ms CreateObjectMapping: 0.298800 ms MarkObjects: 5.772900 ms  DeleteObjects: 0.749800 ms)

Prepare: number of updated asset objects reloaded= 0
AssetImportParameters requested are different than current active one (requested -> active):
  custom:container-demuxer-ogg: 62fdf1f143b41e24485cea50d1cbac27 -> 
  custom:video-codec-MediaFoundation-h265: 746d11721c4dcdbdad8f713fa42b33f4 -> 
  custom:video-decoder-ogg-theora: a1e56fd34408186e4bbccfd4996cb3dc -> 
  custom:framework-win-MediaFoundation: 216162199b28c13a410421893ffa2e32 -> 
  custom:CustomObjectIndexerAttribute: 62b5816608c3102f162a1797e29626cf -> 
  custom:container-demuxer-webm: 4f35f7cbe854078d1ac9338744f61a02 -> 
  custom:container-muxer-webm: aa71ff27fc2769a1b78a27578f13a17b -> 
  custom:video-decoder-webm-vp8: 9c59270c3fd7afecdb556c50c9e8de78 -> 
  custom:SearchIndexIgnoredProperties: e643bd26f0fe6173181afceb89e7c659 -> 
  custom:AudioImporter_EditorPlatform: d09bf68614088b80899f8185d706f6e7 -> 
  custom:video-encoder-webm-vp8: eb34c28f22e8b96e1ab97ce403110664 -> 
  custom:audio-decoder-ogg-vorbis: bf7c407c2cedff20999df2af8eb42d56 -> 
  custom:audio-encoder-webm-vorbis: bf7c407c2cedff20999df2af8eb42d56 -> 
========================================================================
Received Import Request.
  Time since last request: 32183.356627 seconds.
  path: Assets/Resources/Effects/Effect 3 - Sprite Sheet.png
  artifactKey: Guid(d4438254e182c9d459781b9b9b46a780) Importer(815301076,1909f56bfc062723c751e8b465ee728b)
Start importing Assets/Resources/Effects/Effect 3 - Sprite Sheet.png using Guid(d4438254e182c9d459781b9b9b46a780) Importer(815301076,1909f56bfc062723c751e8b465ee728b)  -> (artifact id: '2651d54fac5a49d367f4685ce77f255b') in 0.407059 seconds
Number of updated asset objects reloaded before import = 0
Number of asset objects unloaded after import = 3
========================================================================
Received Import Request.
  Time since last request: 0.000044 seconds.
  path: Assets/Resources/Effects/Effectst2 Gameboy Spritesheet.png
  artifactKey: Guid(2af6152c0b9ae3b4793227a6c6dfd6e4) Importer(815301076,1909f56bfc062723c751e8b465ee728b)
Start importing Assets/Resources/Effects/Effectst2 Gameboy Spritesheet.png using Guid(2af6152c0b9ae3b4793227a6c6dfd6e4) Importer(815301076,1909f56bfc062723c751e8b465ee728b)  -> (artifact id: 'f077210cc27843f105f4aa0effc17f40') in 0.027974 seconds
Number of updated asset objects reloaded before import = 0
Number of asset objects unloaded after import = 3
========================================================================
Received Import Request.
  Time since last request: 1.351155 seconds.
  path: Assets/Resources/Clouds V2/Clouds V2-2.png
  artifactKey: Guid(7b4aa27c57be7344da381efada5214e5) Importer(815301076,1909f56bfc062723c751e8b465ee728b)
Start importing Assets/Resources/Clouds V2/Clouds V2-2.png using Guid(7b4aa27c57be7344da381efada5214e5) Importer(815301076,1909f56bfc062723c751e8b465ee728b)  -> (artifact id: '9db6aa246f7bafe220edfa96064f271e') in 0.037897 seconds
Number of updated asset objects reloaded before import = 0
Number of asset objects unloaded after import = 3
========================================================================
Received Import Request.
  Time since last request: 0.000027 seconds.
  path: Assets/Resources/Clouds/Clouds 2/2.png
  artifactKey: Guid(1180ab4877d0aaa4f9cb599f5621669e) Importer(815301076,1909f56bfc062723c751e8b465ee728b)
Start importing Assets/Resources/Clouds/Clouds 2/2.png using Guid(1180ab4877d0aaa4f9cb599f5621669e) Importer(815301076,1909f56bfc062723c751e8b465ee728b)  -> (artifact id: '9151ac718ece3b48233b2daacca65a42') in 0.037852 seconds
Number of updated asset objects reloaded before import = 0
Number of asset objects unloaded after import = 3
========================================================================
Received Import Request.
  Time since last request: 0.000025 seconds.
  path: Assets/Resources/Clouds/Clouds 5/2.png
  artifactKey: Guid(b76e4e403240ff84eb769fb49bd20ade) Importer(815301076,1909f56bfc062723c751e8b465ee728b)
Start importing Assets/Resources/Clouds/Clouds 5/2.png using Guid(b76e4e403240ff84eb769fb49bd20ade) Importer(815301076,1909f56bfc062723c751e8b465ee728b)  -> (artifact id: '1bf00c7f4db6f5896e986f819b25518e') in 0.032849 seconds
Number of updated asset objects reloaded before import = 0
Number of asset objects unloaded after import = 3
========================================================================
Received Import Request.
  Time since last request: 0.000041 seconds.
  path: Assets/Resources/Clouds/Clouds 3/3.png
  artifactKey: Guid(14a2db2e701708d4d8d1d447558ef64a) Importer(815301076,1909f56bfc062723c751e8b465ee728b)
Start importing Assets/Resources/Clouds/Clouds 3/3.png using Guid(14a2db2e701708d4d8d1d447558ef64a) Importer(815301076,1909f56bfc062723c751e8b465ee728b)  -> (artifact id: 'e870a07e0f8a599db0a0455ee966f71a') in 0.028220 seconds
Number of updated asset objects reloaded before import = 0
Number of asset objects unloaded after import = 3
========================================================================
Received Import Request.
  Time since last request: 0.000026 seconds.
  path: Assets/Resources/Clouds/Clouds 6/4.png
  artifactKey: Guid(96ab89b1e4275b648bf363fac5aab977) Importer(815301076,1909f56bfc062723c751e8b465ee728b)
Start importing Assets/Resources/Clouds/Clouds 6/4.png using Guid(96ab89b1e4275b648bf363fac5aab977) Importer(815301076,1909f56bfc062723c751e8b465ee728b)  -> (artifact id: '6e5c20d8ee366132a6ca2a19efb8c430') in 0.032878 seconds
Number of updated asset objects reloaded before import = 0
Number of asset objects unloaded after import = 3
========================================================================
Received Import Request.
  Time since last request: 0.000022 seconds.
  path: Assets/Resources/Clouds/Clouds 5/3.png
  artifactKey: Guid(688abd2ce34f0e3438a55442192022c8) Importer(815301076,1909f56bfc062723c751e8b465ee728b)
Start importing Assets/Resources/Clouds/Clouds 5/3.png using Guid(688abd2ce34f0e3438a55442192022c8) Importer(815301076,1909f56bfc062723c751e8b465ee728b)  -> (artifact id: '15e2356d6f2451247018cd73e1a07831') in 0.035636 seconds
Number of updated asset objects reloaded before import = 0
Number of asset objects unloaded after import = 3
========================================================================
Received Import Request.
  Time since last request: 0.000028 seconds.
  path: Assets/Resources/Clouds/Clouds 2/4.png
  artifactKey: Guid(a464a4528188426408fa68a7b8cff6a5) Importer(815301076,1909f56bfc062723c751e8b465ee728b)
Start importing Assets/Resources/Clouds/Clouds 2/4.png using Guid(a464a4528188426408fa68a7b8cff6a5) Importer(815301076,1909f56bfc062723c751e8b465ee728b)  -> (artifact id: '0cd1dac4c375a6c812625b552687c84b') in 0.031695 seconds
Number of updated asset objects reloaded before import = 0
Number of asset objects unloaded after import = 3
========================================================================
Received Import Request.
  Time since last request: 0.000021 seconds.
  path: Assets/Resources/Clouds/Clouds 5/4.png
  artifactKey: Guid(20d895a8e90827447bf908864c81528b) Importer(815301076,1909f56bfc062723c751e8b465ee728b)
Start importing Assets/Resources/Clouds/Clouds 5/4.png using Guid(20d895a8e90827447bf908864c81528b) Importer(815301076,1909f56bfc062723c751e8b465ee728b)  -> (artifact id: '01e9adb58376d8c8a3e6511dbc63710c') in 0.027037 seconds
Number of updated asset objects reloaded before import = 0
Number of asset objects unloaded after import = 3
========================================================================
Received Import Request.
  Time since last request: 0.000030 seconds.
  path: Assets/Resources/Clouds/Clouds 5/1.png
  artifactKey: Guid(d39ec159d9c7e4d41a6fdc24994b64da) Importer(815301076,1909f56bfc062723c751e8b465ee728b)
Start importing Assets/Resources/Clouds/Clouds 5/1.png using Guid(d39ec159d9c7e4d41a6fdc24994b64da) Importer(815301076,1909f56bfc062723c751e8b465ee728b)  -> (artifact id: '60083c0a9a4512c148080d6921261006') in 0.026209 seconds
Number of updated asset objects reloaded before import = 0
Number of asset objects unloaded after import = 3
========================================================================
Received Import Request.
  Time since last request: 0.000040 seconds.
  path: Assets/Resources/Clouds/Clouds 6/1.png
  artifactKey: Guid(420fcdb62ee19fd4291291d99d412f81) Importer(815301076,1909f56bfc062723c751e8b465ee728b)
Start importing Assets/Resources/Clouds/Clouds 6/1.png using Guid(420fcdb62ee19fd4291291d99d412f81) Importer(815301076,1909f56bfc062723c751e8b465ee728b)  -> (artifact id: 'cb9b4d73c703e4462c69d96748b354b2') in 0.025731 seconds
Number of updated asset objects reloaded before import = 0
Number of asset objects unloaded after import = 3
========================================================================
Received Import Request.
  Time since last request: 0.000021 seconds.
  path: Assets/Resources/Clouds/Clouds 8/4.png
  artifactKey: Guid(6d7f5e421e0a9634a8a5896f898abf4e) Importer(815301076,1909f56bfc062723c751e8b465ee728b)
Start importing Assets/Resources/Clouds/Clouds 8/4.png using Guid(6d7f5e421e0a9634a8a5896f898abf4e) Importer(815301076,1909f56bfc062723c751e8b465ee728b)  -> (artifact id: 'd09f39f6d724d66d69a677233778c6c1') in 0.028999 seconds
Number of updated asset objects reloaded before import = 0
Number of asset objects unloaded after import = 3
========================================================================
Received Import Request.
  Time since last request: 0.000021 seconds.
  path: Assets/Resources/Clouds/Clouds 7/2.png
  artifactKey: Guid(5db61aa72ae96d64893d259887250726) Importer(815301076,1909f56bfc062723c751e8b465ee728b)
Start importing Assets/Resources/Clouds/Clouds 7/2.png using Guid(5db61aa72ae96d64893d259887250726) Importer(815301076,1909f56bfc062723c751e8b465ee728b)  -> (artifact id: '6bf715b69891263f4b1f78699a899c75') in 0.030330 seconds
Number of updated asset objects reloaded before import = 0
Number of asset objects unloaded after import = 3
========================================================================
Received Import Request.
  Time since last request: 0.000029 seconds.
  path: Assets/Resources/Clouds/Clouds 6/2.png
  artifactKey: Guid(f5a4d62b91732414498dd001005bfb02) Importer(815301076,1909f56bfc062723c751e8b465ee728b)
Start importing Assets/Resources/Clouds/Clouds 6/2.png using Guid(f5a4d62b91732414498dd001005bfb02) Importer(815301076,1909f56bfc062723c751e8b465ee728b)  -> (artifact id: '4daa83bc0fa6b6bfa96e4c07cbc88172') in 0.033135 seconds
Number of updated asset objects reloaded before import = 0
Number of asset objects unloaded after import = 3
========================================================================
Received Import Request.
  Time since last request: 0.000026 seconds.
  path: Assets/Resources/Clouds/Clouds 7/1.png
  artifactKey: Guid(17b48e31845a31547b32c83132543218) Importer(815301076,1909f56bfc062723c751e8b465ee728b)
Start importing Assets/Resources/Clouds/Clouds 7/1.png using Guid(17b48e31845a31547b32c83132543218) Importer(815301076,1909f56bfc062723c751e8b465ee728b)  -> (artifact id: 'a077360eb6969a5878c2552df0c79ebc') in 0.039106 seconds
Number of updated asset objects reloaded before import = 0
Number of asset objects unloaded after import = 3
========================================================================
Received Import Request.
  Time since last request: 0.000030 seconds.
  path: Assets/Resources/Clouds/Clouds 2/1.png
  artifactKey: Guid(12c89f3dc486bfb43b00480c66ccf757) Importer(815301076,1909f56bfc062723c751e8b465ee728b)
Start importing Assets/Resources/Clouds/Clouds 2/1.png using Guid(12c89f3dc486bfb43b00480c66ccf757) Importer(815301076,1909f56bfc062723c751e8b465ee728b)  -> (artifact id: '84b87239e50a8faf1007378f98ddd6c7') in 0.033966 seconds
Number of updated asset objects reloaded before import = 0
Number of asset objects unloaded after import = 3
========================================================================
Received Import Request.
  Time since last request: 0.000037 seconds.
  path: Assets/Resources/Effects/Effect 1 - Sprite Sheet.png
  artifactKey: Guid(a7fa218f8a7d4584b977c6df2d346613) Importer(815301076,1909f56bfc062723c751e8b465ee728b)
Start importing Assets/Resources/Effects/Effect 1 - Sprite Sheet.png using Guid(a7fa218f8a7d4584b977c6df2d346613) Importer(815301076,1909f56bfc062723c751e8b465ee728b)  -> (artifact id: '0fd9cb2ea71685da543d15557b2f82c9') in 0.036167 seconds
Number of updated asset objects reloaded before import = 0
Number of asset objects unloaded after import = 3
========================================================================
Received Import Request.
  Time since last request: 0.000024 seconds.
  path: Assets/Resources/Clouds/Clouds 6/5.png
  artifactKey: Guid(fb8e39e64a0e0d041920d56fd3662e8d) Importer(815301076,1909f56bfc062723c751e8b465ee728b)
Start importing Assets/Resources/Clouds/Clouds 6/5.png using Guid(fb8e39e64a0e0d041920d56fd3662e8d) Importer(815301076,1909f56bfc062723c751e8b465ee728b)  -> (artifact id: '540a4ff8752e6e3a4e609e8aada8d263') in 0.032283 seconds
Number of updated asset objects reloaded before import = 0
Number of asset objects unloaded after import = 3
========================================================================
Received Import Request.
  Time since last request: 0.000021 seconds.
  path: Assets/Resources/Clouds/Clouds 3/2.png
  artifactKey: Guid(72eec49cb6df0e64eaa1504e261540c9) Importer(815301076,1909f56bfc062723c751e8b465ee728b)
Start importing Assets/Resources/Clouds/Clouds 3/2.png using Guid(72eec49cb6df0e64eaa1504e261540c9) Importer(815301076,1909f56bfc062723c751e8b465ee728b)  -> (artifact id: 'd435bad644d565c1ee2d3b90ddd39122') in 0.033464 seconds
Number of updated asset objects reloaded before import = 0
Number of asset objects unloaded after import = 3
========================================================================
Received Import Request.
  Time since last request: 12.146881 seconds.
  path: Assets/Resources/Clouds/Clouds 8/6.png
  artifactKey: Guid(2afe2d4bbd2694b46a68830762ed7192) Importer(815301076,1909f56bfc062723c751e8b465ee728b)
Start importing Assets/Resources/Clouds/Clouds 8/6.png using Guid(2afe2d4bbd2694b46a68830762ed7192) Importer(815301076,1909f56bfc062723c751e8b465ee728b)  -> (artifact id: '27092e41da5398330620c52c491c57e9') in 0.043288 seconds
Number of updated asset objects reloaded before import = 0
Number of asset objects unloaded after import = 3
Editor requested this worker to shutdown with reason: Scaling down because of idle timeout
TcpMessagingSession - receive error: operation aborted. errorcode: 995, details: スレッドの終了またはアプリケーションの要求によって、I/O 処理は中止されました。
AssetImportWorker is now disconnected from the server
Process exiting
Exiting without the bug reporter. Application will terminate with return code 0